INFO:Data preprocessing:Loading data
INFO:Data preprocessing:Finished Loading data
INFO:Data preprocessing:Imputing technique used is bayesian
INFO:Data preprocessing:Preprocessing training set
INFO:Data preprocessing:Add features about MNAR features
INFO:Data preprocessing:Loading data
INFO:Data preprocessing:Finished Loading data
INFO:Data preprocessing:Imputing technique used is knn
INFO:Data preprocessing:Preprocessing training set
INFO:Data preprocessing:Add features about MNAR features
INFO:Data preprocessing:Done adding features about MNAR features
INFO:Data preprocessing:Creating missing data dataframe
INFO:Data preprocessing:Commencing data imputation process
INFO:Data preprocessing:Loading data
INFO:Data preprocessing:Finished Loading data
INFO:Data preprocessing:Imputing technique used is bayesian
INFO:Data preprocessing:Preprocessing training set
INFO:Data preprocessing:Add features about MNAR features
INFO:Data preprocessing:Take mean for each patient
INFO:Data preprocessing:Preprocessing test set
INFO:Data preprocessing:Creating missing data dataframe
INFO:Data preprocessing:Commencing data imputation process
INFO:Data preprocessing:Take mean for each patient
INFO:Data preprocessing:Export preprocessed train and test set
INFO:Data preprocessing:Loading data
INFO:Data preprocessing:Finished Loading data
INFO:Data preprocessing:Imputing technique used is bayesian
INFO:Data preprocessing:Preprocessing training set
INFO:Data preprocessing:Add features about MNAR features
INFO:Data preprocessing:Loading data
INFO:Data preprocessing:Finished Loading data
INFO:Data preprocessing:Imputing technique used is bayesian
INFO:Data preprocessing:Preprocessing training set
INFO:Data preprocessing:Add features about MNAR features
INFO:Data preprocessing:Done adding features about MNAR features
INFO:Data preprocessing:Creating missing data dataframe
INFO:Data preprocessing:Commencing data imputation process using FIT_TRANSFORM on test set
INFO:Data preprocessing:Take mean for each patient
INFO:Data preprocessing:Preprocessing test set
INFO:Data preprocessing:Creating missing data dataframe
INFO:Data preprocessing:Commencing data imputation process using TRANSFORM on test set
INFO:Data preprocessing:Take mean for each patient
INFO:Data preprocessing:Export preprocessed train and test set
