INFO:IML-P2-SVM:Loading data
INFO:IML-P2-SVM:Finished Loading data
INFO:IML-P2-SVM:Creating a list of labels for each medical test
INFO:IML-P2-SVM:Creating a list of labels for each medical test
INFO:IML-P2-SVM:Creating a list of labels for each vital sign
INFO:IML-P2-SVM:Scaling data using standard.
INFO:IML-P2-SVM:Beginning sampling strategy for medical tests
INFO:IML-P2-SVM:Performing oversampling for 0 of 10 medical tests (LABEL_BaseExcess).
INFO:IML-P2-SVM:Performing oversampling for 1 of 10 medical tests (LABEL_Fibrinogen).
INFO:IML-P2-SVM:Performing oversampling for 2 of 10 medical tests (LABEL_AST).
INFO:IML-P2-SVM:Performing oversampling for 3 of 10 medical tests (LABEL_Alkalinephos).
INFO:IML-P2-SVM:Performing oversampling for 4 of 10 medical tests (LABEL_Bilirubin_total).
INFO:IML-P2-SVM:Performing oversampling for 5 of 10 medical tests (LABEL_Lactate).
INFO:IML-P2-SVM:Performing oversampling for 6 of 10 medical tests (LABEL_TroponinI).
INFO:IML-P2-SVM:Performing oversampling for 7 of 10 medical tests (LABEL_SaO2).
INFO:IML-P2-SVM:Performing oversampling for 8 of 10 medical tests (LABEL_Bilirubin_direct).
INFO:IML-P2-SVM:Performing oversampling for 9 of 10 medical tests (LABEL_EtCO2).
INFO:IML-P2-SVM:Performing oversampling for SEPSIS.
INFO:IML-P2-SVM:Performing oversampling for sepsis
INFO:IML-P2-SVM:Beginning modelling process.
INFO:IML-P2-SVM:Perform gridsearch for non-linear SVM on medical tests.
INFO:IML-P2-SVM:Starting iteration for test LABEL_BaseExcess
INFO:IML-P2-SVM:Starting iteration for test LABEL_Fibrinogen
INFO:IML-P2-SVM:Starting iteration for test LABEL_AST
INFO:IML-P2-SVM:Starting iteration for test LABEL_Alkalinephos
INFO:IML-P2-SVM:Starting iteration for test LABEL_Bilirubin_total
INFO:IML-P2-SVM:Starting iteration for test LABEL_Lactate
INFO:IML-P2-SVM:Starting iteration for test LABEL_TroponinI
INFO:IML-P2-SVM:Starting iteration for test LABEL_SaO2
INFO:IML-P2-SVM:Starting iteration for test LABEL_Bilirubin_direct
INFO:IML-P2-SVM:Starting iteration for test LABEL_EtCO2
INFO:IML-P2-SVM:Nonlinear SVM results medical tests [0.9558902652652653, 0.9853255618567529, 0.9203750336396139, 0.926829565022086, 0.9182922609665141, 0.9627668777466349, 0.9806757917337627, 0.950400791972627, 0.9925185616134751, 0.9896708965128906]
INFO:IML-P2-SVM:Perform gridsearch for non-linear SVM on SEPSIS.
INFO:IML-P2-SVM:Nonlinear SVM results sepsis [0.9908729839520571]
INFO:IML-P2-SVM:Perform gridsearch for non-linear SVR on VITAL SIGNS.
INFO:IML-P2-SVM:Starting iteration for test LABEL_RRate
INFO:IML-P2-SVM:Starting iteration for test LABEL_ABPm
INFO:IML-P2-SVM:Starting iteration for test LABEL_SpO2
INFO:IML-P2-SVM:Starting iteration for test LABEL_Heartrate
INFO:IML-P2-SVM:Loading data
INFO:IML-P2-SVM:Finished Loading data
INFO:IML-P2-SVM:Creating a list of labels for each medical test
INFO:IML-P2-SVM:Creating a list of labels for each medical test
INFO:IML-P2-SVM:Creating a list of labels for each vital sign
INFO:IML-P2-SVM:Scaling data using standard.
INFO:IML-P2-SVM:Beginning sampling strategy for medical tests
INFO:IML-P2-SVM:Performing oversampling for 0 of 10 medical tests (LABEL_BaseExcess).
INFO:IML-P2-SVM:Performing oversampling for 1 of 10 medical tests (LABEL_Fibrinogen).
INFO:IML-P2-SVM:Performing oversampling for 2 of 10 medical tests (LABEL_AST).
INFO:IML-P2-SVM:Performing oversampling for 3 of 10 medical tests (LABEL_Alkalinephos).
INFO:IML-P2-SVM:Performing oversampling for 4 of 10 medical tests (LABEL_Bilirubin_total).
INFO:IML-P2-SVM:Performing oversampling for 5 of 10 medical tests (LABEL_Lactate).
INFO:IML-P2-SVM:Performing oversampling for 6 of 10 medical tests (LABEL_TroponinI).
INFO:IML-P2-SVM:Performing oversampling for 7 of 10 medical tests (LABEL_SaO2).
INFO:IML-P2-SVM:Performing oversampling for 8 of 10 medical tests (LABEL_Bilirubin_direct).
INFO:IML-P2-SVM:Performing oversampling for 9 of 10 medical tests (LABEL_EtCO2).
INFO:IML-P2-SVM:Performing oversampling for SEPSIS.
INFO:IML-P2-SVM:Performing oversampling for sepsis
INFO:IML-P2-SVM:Beginning modelling process.
INFO:IML-P2-SVM:Perform gridsearch for non-linear SVM on medical tests.
INFO:IML-P2-SVM:Starting iteration for test LABEL_BaseExcess
INFO:IML-P2-SVM:Starting iteration for test LABEL_Fibrinogen
INFO:IML-P2-SVM:Loading data
INFO:IML-P2-SVM:Finished Loading data
INFO:IML-P2-SVM:Creating a list of labels for each medical test
INFO:IML-P2-SVM:Creating a list of labels for each medical test
INFO:IML-P2-SVM:Creating a list of labels for each vital sign
INFO:IML-P2-SVM:Scaling data using standard.
INFO:IML-P2-SVM:Beginning sampling strategy for medical tests
INFO:IML-P2-SVM:Performing oversampling for 0 of 10 medical tests (LABEL_BaseExcess).
INFO:IML-P2-SVM:Performing oversampling for 1 of 10 medical tests (LABEL_Fibrinogen).
INFO:IML-P2-SVM:Performing oversampling for 2 of 10 medical tests (LABEL_AST).
INFO:IML-P2-SVM:Performing oversampling for 3 of 10 medical tests (LABEL_Alkalinephos).
INFO:IML-P2-SVM:Performing oversampling for 4 of 10 medical tests (LABEL_Bilirubin_total).
INFO:IML-P2-SVM:Performing oversampling for 5 of 10 medical tests (LABEL_Lactate).
INFO:IML-P2-SVM:Performing oversampling for 6 of 10 medical tests (LABEL_TroponinI).
INFO:IML-P2-SVM:Performing oversampling for 7 of 10 medical tests (LABEL_SaO2).
INFO:IML-P2-SVM:Performing oversampling for 8 of 10 medical tests (LABEL_Bilirubin_direct).
INFO:IML-P2-SVM:Performing oversampling for 9 of 10 medical tests (LABEL_EtCO2).
INFO:IML-P2-SVM:Performing oversampling for SEPSIS.
INFO:IML-P2-SVM:Performing oversampling for sepsis
INFO:IML-P2-SVM:Beginning modelling process.
INFO:IML-P2-SVM:Perform gridsearch for non-linear SVM on medical tests.
INFO:IML-P2-SVM:Starting iteration for test LABEL_BaseExcess
INFO:IML-P2-SVM:Starting iteration for test LABEL_Fibrinogen
INFO:IML-P2-SVM:Starting iteration for test LABEL_AST
INFO:IML-P2-SVM:Starting iteration for test LABEL_Alkalinephos
INFO:IML-P2-SVM:Starting iteration for test LABEL_Bilirubin_total
INFO:IML-P2-SVM:Starting iteration for test LABEL_Lactate
INFO:IML-P2-SVM:Starting iteration for test LABEL_TroponinI
INFO:IML-P2-SVM:Starting iteration for test LABEL_SaO2
INFO:IML-P2-SVM:Starting iteration for test LABEL_Bilirubin_direct
INFO:IML-P2-SVM:Starting iteration for test LABEL_EtCO2
INFO:IML-P2-SVM:Nonlinear SVM results medical tests [0.933204037370704, 0.9878659945389623, 0.9296922455884051, 0.9097271093808489, 0.9304621121833069, 0.965483234714004, 0.9800161030595813, 0.9473655376571453, 0.995636635638298, 0.9953947633028999]
INFO:IML-P2-SVM:Perform gridsearch for non-linear SVM on SEPSIS.
INFO:IML-P2-SVM:Nonlinear SVM results sepsis [0.990532618750754]
INFO:IML-P2-SVM:Perform gridsearch for non-linear SVR on VITAL SIGNS.
INFO:IML-P2-SVM:Starting iteration for test LABEL_RRate
INFO:IML-P2-SVM:Starting iteration for test LABEL_ABPm
INFO:IML-P2-SVM:Starting iteration for test LABEL_SpO2
INFO:IML-P2-SVM:Starting iteration for test LABEL_Heartrate
INFO:IML-P2-SVM:Nonlinear SVM results vital signs [-0.04184647570627335, 0.04713772404428442, 0.05186423660587872, 0.017278571967374]
INFO:IML-P2-SVM:Fetch predictions.
INFO:IML-P2-SVM:Export predictions DataFrame to a zip file
